{
  "0 debug pnpm:scope": {
    "selected": 1,
    "total": 3
  },
  "1 debug pnpm:package-manifest": {
    "initial": {
      "name": "@dev-demands/server",
      "version": "1.0.0",
      "private": true,
      "main": "src/main.js",
      "scripts": {
        "test": "echo \"Error: no test specified\" && exit 1",
        "start": "node -r esm .",
        "dev": "nodemon -r esm ."
      },
      "keywords": [],
      "author": "",
      "license": "ISC",
      "devDependencies": {
        "esm": "^3.2.25",
        "nodemon": "^2.0.12"
      },
      "dependencies": {
        "cors": "^2.8.5",
        "express": "^4.17.1",
        "graphql": "^15.5.1"
      }
    },
    "prefix": "C:\\Users\\gabri\\Documents\\github\\Hiring-Coders\\client-server-example\\packages\\server"
  },
  "2 debug pnpm:context": {
    "currentLockfileExists": true,
    "storeDir": "C:\\Users\\gabri\\.pnpm-store\\v3",
    "virtualStoreDir": "C:\\Users\\gabri\\Documents\\github\\Hiring-Coders\\client-server-example\\packages\\server\\node_modules\\.pnpm"
  },
  "3 debug pnpm:stage": {
    "prefix": "C:\\Users\\gabri\\Documents\\github\\Hiring-Coders\\client-server-example\\packages\\server",
    "stage": "resolution_started"
  },
  "4 info pnpm": {
    "err": {
      "name": "Error",
      "message": "apollo-server-express@2^ isn't supported by any available resolver.",
      "code": "ERR_PNPM_SPEC_NOT_SUPPORTED_BY_ANY_RESOLVER",
      "stack": "Error: apollo-server-express@2^ isn't supported by any available resolver.\n    at Object.resolve (C:\\Users\\gabri\\AppData\\Roaming\\npm\\node_modules\\pnpm\\dist\\pnpm.cjs:79921:17)\n    at async run (C:\\Users\\gabri\\AppData\\Roaming\\npm\\node_modules\\pnpm\\dist\\pnpm.cjs:66004:23)"
    }
  },
  "5 error pnpm": {
    "code": "ERR_PNPM_SPEC_NOT_SUPPORTED_BY_ANY_RESOLVER",
    "pkgsStack": [],
    "prefix": "C:\\Users\\gabri\\Documents\\github\\Hiring-Coders\\client-server-example\\packages\\server",
    "err": {
      "name": "Error",
      "message": "apollo-server-express@2^ isn't supported by any available resolver.",
      "code": "ERR_PNPM_SPEC_NOT_SUPPORTED_BY_ANY_RESOLVER",
      "stack": "Error: apollo-server-express@2^ isn't supported by any available resolver.\n    at Object.resolve (C:\\Users\\gabri\\AppData\\Roaming\\npm\\node_modules\\pnpm\\dist\\pnpm.cjs:79921:17)\n    at async run (C:\\Users\\gabri\\AppData\\Roaming\\npm\\node_modules\\pnpm\\dist\\pnpm.cjs:66004:23)"
    }
  },
  "6 debug pnpm:_dependency_resolved": {
    "resolution": "registry.npmjs.org/esm/3.2.25",
    "wanted": {
      "dependentId": ".",
      "name": "esm",
      "rawSpec": "^3.2.25"
    }
  },
  "7 debug pnpm:_dependency_resolved": {
    "resolution": "registry.npmjs.org/nodemon/2.0.12",
    "wanted": {
      "dependentId": ".",
      "name": "nodemon",
      "rawSpec": "^2.0.12"
    }
  },
  "8 debug pnpm:_dependency_resolved": {
    "resolution": "registry.npmjs.org/cors/2.8.5",
    "wanted": {
      "dependentId": ".",
      "name": "cors",
      "rawSpec": "^2.8.5"
    }
  },
  "9 debug pnpm:_dependency_resolved": {
    "resolution": "registry.npmjs.org/express/4.17.1",
    "wanted": {
      "dependentId": ".",
      "name": "express",
      "rawSpec": "^4.17.1"
    }
  },
  "10 debug pnpm:_dependency_resolved": {
    "resolution": "registry.npmjs.org/graphql/15.5.1",
    "wanted": {
      "dependentId": ".",
      "name": "graphql",
      "rawSpec": "^15.5.1"
    }
  }
}